2024/09/02 13:50:51 [notice] 1#1: using the "epoll" event method
2024/09/02 13:50:51 [notice] 1#1: nginx/1.23.3
2024/09/02 13:50:51 [notice] 1#1: built by gcc 12.2.1 20220924 (Alpine 12.2.1_git20220924-r4) 
2024/09/02 13:50:51 [notice] 1#1: OS: Linux 5.15.153.1-microsoft-standard-WSL2
2024/09/02 13:50:51 [notice] 1#1: getrlimit(RLIMIT_NOFILE): 1048576:1048576
2024/09/02 13:50:51 [notice] 1#1: start worker processes
2024/09/02 13:50:51 [notice] 1#1: start worker process 29
2024/09/02 13:50:51 [notice] 1#1: start worker process 30
2024/09/02 13:50:51 [notice] 1#1: start worker process 31
2024/09/02 13:50:51 [notice] 1#1: start worker process 32
2024/09/02 13:50:51 [notice] 1#1: start worker process 33
2024/09/02 13:50:51 [notice] 1#1: start worker process 34
2024/09/02 13:50:51 [notice] 1#1: start worker process 35
2024/09/02 13:50:51 [notice] 1#1: start worker process 36
2024/09/02 13:50:56 [notice] 1#1: signal 3 (SIGQUIT) received, shutting down
2024/09/02 13:50:56 [notice] 30#30: gracefully shutting down
2024/09/02 13:50:56 [notice] 31#31: gracefully shutting down
2024/09/02 13:50:56 [notice] 30#30: exiting
2024/09/02 13:50:56 [notice] 32#32: gracefully shutting down
2024/09/02 13:50:56 [notice] 33#33: gracefully shutting down
2024/09/02 13:50:56 [notice] 29#29: gracefully shutting down
2024/09/02 13:50:56 [notice] 34#34: gracefully shutting down
2024/09/02 13:50:56 [notice] 31#31: exiting
2024/09/02 13:50:56 [notice] 32#32: exiting
2024/09/02 13:50:56 [notice] 33#33: exiting
2024/09/02 13:50:56 [notice] 29#29: exiting
2024/09/02 13:50:56 [notice] 34#34: exiting
2024/09/02 13:50:56 [notice] 30#30: exit
2024/09/02 13:50:56 [notice] 32#32: exit
2024/09/02 13:50:56 [notice] 31#31: exit
2024/09/02 13:50:56 [notice] 29#29: exit
2024/09/02 13:50:56 [notice] 34#34: exit
2024/09/02 13:50:56 [notice] 33#33: exit
2024/09/02 13:50:56 [notice] 35#35: gracefully shutting down
2024/09/02 13:50:56 [notice] 35#35: exiting
2024/09/02 13:50:56 [notice] 35#35: exit
2024/09/02 13:50:56 [notice] 36#36: gracefully shutting down
2024/09/02 13:50:56 [notice] 36#36: exiting
2024/09/02 13:50:56 [notice] 36#36: exit
2024/09/02 13:50:56 [notice] 1#1: signal 17 (SIGCHLD) received from 29
2024/09/02 13:50:56 [notice] 1#1: worker process 29 exited with code 0
2024/09/02 13:50:56 [notice] 1#1: worker process 33 exited with code 0
2024/09/02 13:50:56 [notice] 1#1: worker process 34 exited with code 0
2024/09/02 13:50:56 [notice] 1#1: worker process 35 exited with code 0
2024/09/02 13:50:56 [notice] 1#1: worker process 36 exited with code 0
2024/09/02 13:50:56 [notice] 1#1: signal 29 (SIGIO) received
2024/09/02 13:50:56 [notice] 1#1: signal 17 (SIGCHLD) received from 35
2024/09/02 13:50:56 [notice] 1#1: signal 17 (SIGCHLD) received from 32
2024/09/02 13:50:56 [notice] 1#1: worker process 30 exited with code 0
2024/09/02 13:50:56 [notice] 1#1: worker process 32 exited with code 0
2024/09/02 13:50:56 [notice] 1#1: signal 29 (SIGIO) received
2024/09/02 13:50:56 [notice] 1#1: signal 17 (SIGCHLD) received from 31
2024/09/02 13:50:56 [notice] 1#1: worker process 31 exited with code 0
2024/09/02 13:50:56 [notice] 1#1: exit
2024/09/02 13:51:08 [notice] 1#1: using the "epoll" event method
2024/09/02 13:51:08 [notice] 1#1: nginx/1.23.3
2024/09/02 13:51:08 [notice] 1#1: built by gcc 12.2.1 20220924 (Alpine 12.2.1_git20220924-r4) 
2024/09/02 13:51:08 [notice] 1#1: OS: Linux 5.15.153.1-microsoft-standard-WSL2
2024/09/02 13:51:08 [notice] 1#1: getrlimit(RLIMIT_NOFILE): 1048576:1048576
2024/09/02 13:51:08 [notice] 1#1: start worker processes
2024/09/02 13:51:08 [notice] 1#1: start worker process 29
2024/09/02 13:51:08 [notice] 1#1: start worker process 30
2024/09/02 13:51:08 [notice] 1#1: start worker process 31
2024/09/02 13:51:08 [notice] 1#1: start worker process 32
2024/09/02 13:51:08 [notice] 1#1: start worker process 33
2024/09/02 13:51:08 [notice] 1#1: start worker process 34
2024/09/02 13:51:08 [notice] 1#1: start worker process 35
2024/09/02 13:51:08 [notice] 1#1: start worker process 36
2024/09/02 13:53:45 [notice] 1#1: signal 3 (SIGQUIT) received, shutting down
2024/09/02 13:53:45 [notice] 30#30: gracefully shutting down
2024/09/02 13:53:45 [notice] 30#30: exiting
2024/09/02 13:53:45 [notice] 29#29: gracefully shutting down
2024/09/02 13:53:45 [notice] 30#30: exit
2024/09/02 13:53:45 [notice] 29#29: exiting
2024/09/02 13:53:45 [notice] 29#29: exit
2024/09/02 13:53:45 [notice] 31#31: gracefully shutting down
2024/09/02 13:53:45 [notice] 32#32: gracefully shutting down
2024/09/02 13:53:45 [notice] 31#31: exiting
2024/09/02 13:53:45 [notice] 33#33: gracefully shutting down
2024/09/02 13:53:45 [notice] 32#32: exiting
2024/09/02 13:53:45 [notice] 35#35: gracefully shutting down
2024/09/02 13:53:45 [notice] 36#36: gracefully shutting down
2024/09/02 13:53:45 [notice] 33#33: exiting
2024/09/02 13:53:45 [notice] 36#36: exiting
2024/09/02 13:53:45 [notice] 35#35: exiting
2024/09/02 13:53:45 [notice] 31#31: exit
2024/09/02 13:53:45 [notice] 32#32: exit
2024/09/02 13:53:45 [notice] 33#33: exit
2024/09/02 13:53:45 [notice] 36#36: exit
2024/09/02 13:53:45 [notice] 35#35: exit
2024/09/02 13:53:45 [notice] 34#34: gracefully shutting down
2024/09/02 13:53:45 [notice] 34#34: exiting
2024/09/02 13:53:45 [notice] 34#34: exit
2024/09/02 13:53:46 [notice] 1#1: signal 17 (SIGCHLD) received from 30
2024/09/02 13:53:46 [notice] 1#1: worker process 30 exited with code 0
2024/09/02 13:53:46 [notice] 1#1: worker process 35 exited with code 0
2024/09/02 13:53:46 [notice] 1#1: worker process 36 exited with code 0
2024/09/02 13:53:46 [notice] 1#1: signal 29 (SIGIO) received
2024/09/02 13:53:46 [notice] 1#1: signal 17 (SIGCHLD) received from 32
2024/09/02 13:53:46 [notice] 1#1: worker process 32 exited with code 0
2024/09/02 13:53:46 [notice] 1#1: signal 29 (SIGIO) received
2024/09/02 13:53:46 [notice] 1#1: signal 17 (SIGCHLD) received from 31
2024/09/02 13:53:46 [notice] 1#1: worker process 29 exited with code 0
2024/09/02 13:53:46 [notice] 1#1: worker process 31 exited with code 0
2024/09/02 13:53:46 [notice] 1#1: worker process 33 exited with code 0
2024/09/02 13:53:46 [notice] 1#1: worker process 34 exited with code 0
2024/09/02 13:53:46 [notice] 1#1: exit
2024/09/02 13:53:58 [notice] 1#1: using the "epoll" event method
2024/09/02 13:53:58 [notice] 1#1: nginx/1.23.3
2024/09/02 13:53:58 [notice] 1#1: built by gcc 12.2.1 20220924 (Alpine 12.2.1_git20220924-r4) 
2024/09/02 13:53:58 [notice] 1#1: OS: Linux 5.15.153.1-microsoft-standard-WSL2
2024/09/02 13:53:58 [notice] 1#1: getrlimit(RLIMIT_NOFILE): 1048576:1048576
2024/09/02 13:53:58 [notice] 1#1: start worker processes
2024/09/02 13:53:58 [notice] 1#1: start worker process 29
2024/09/02 13:53:58 [notice] 1#1: start worker process 30
2024/09/02 13:53:58 [notice] 1#1: start worker process 31
2024/09/02 13:53:58 [notice] 1#1: start worker process 32
2024/09/02 13:53:58 [notice] 1#1: start worker process 33
2024/09/02 13:53:58 [notice] 1#1: start worker process 34
2024/09/02 13:53:58 [notice] 1#1: start worker process 35
2024/09/02 13:53:58 [notice] 1#1: start worker process 36
2024/09/02 14:01:15 [notice] 1#1: signal 3 (SIGQUIT) received, shutting down
2024/09/02 14:01:15 [notice] 29#29: gracefully shutting down
2024/09/02 14:01:15 [notice] 30#30: gracefully shutting down
2024/09/02 14:01:15 [notice] 33#33: gracefully shutting down
2024/09/02 14:01:15 [notice] 29#29: exiting
2024/09/02 14:01:15 [notice] 30#30: exiting
2024/09/02 14:01:15 [notice] 33#33: exiting
2024/09/02 14:01:15 [notice] 29#29: exit
2024/09/02 14:01:15 [notice] 30#30: exit
2024/09/02 14:01:15 [notice] 33#33: exit
2024/09/02 14:01:15 [notice] 31#31: gracefully shutting down
2024/09/02 14:01:15 [notice] 32#32: gracefully shutting down
2024/09/02 14:01:15 [notice] 31#31: exiting
2024/09/02 14:01:15 [notice] 32#32: exiting
2024/09/02 14:01:15 [notice] 31#31: exit
2024/09/02 14:01:15 [notice] 32#32: exit
2024/09/02 14:01:15 [notice] 34#34: gracefully shutting down
2024/09/02 14:01:15 [notice] 34#34: exiting
2024/09/02 14:01:15 [notice] 34#34: exit
2024/09/02 14:01:15 [notice] 35#35: gracefully shutting down
2024/09/02 14:01:15 [notice] 35#35: exiting
2024/09/02 14:01:15 [notice] 35#35: exit
2024/09/02 14:01:15 [notice] 36#36: gracefully shutting down
2024/09/02 14:01:15 [notice] 36#36: exiting
2024/09/02 14:01:15 [notice] 36#36: exit
2024/09/02 14:01:15 [notice] 1#1: signal 17 (SIGCHLD) received from 30
2024/09/02 14:01:15 [notice] 1#1: worker process 30 exited with code 0
2024/09/02 14:01:15 [notice] 1#1: worker process 31 exited with code 0
2024/09/02 14:01:15 [notice] 1#1: signal 29 (SIGIO) received
2024/09/02 14:01:15 [notice] 1#1: signal 17 (SIGCHLD) received from 33
2024/09/02 14:01:15 [notice] 1#1: worker process 32 exited with code 0
2024/09/02 14:01:15 [notice] 1#1: worker process 33 exited with code 0
2024/09/02 14:01:15 [notice] 1#1: worker process 34 exited with code 0
2024/09/02 14:01:15 [notice] 1#1: worker process 35 exited with code 0
2024/09/02 14:01:15 [notice] 1#1: worker process 36 exited with code 0
2024/09/02 14:01:15 [notice] 1#1: signal 29 (SIGIO) received
2024/09/02 14:01:15 [notice] 1#1: signal 17 (SIGCHLD) received from 35
2024/09/02 14:01:15 [notice] 1#1: signal 17 (SIGCHLD) received from 29
2024/09/02 14:01:15 [notice] 1#1: worker process 29 exited with code 0
2024/09/02 14:01:15 [notice] 1#1: exit
2024/09/02 14:01:47 [notice] 1#1: using the "epoll" event method
2024/09/02 14:01:47 [notice] 1#1: nginx/1.23.3
2024/09/02 14:01:47 [notice] 1#1: built by gcc 12.2.1 20220924 (Alpine 12.2.1_git20220924-r4) 
2024/09/02 14:01:47 [notice] 1#1: OS: Linux 5.15.153.1-microsoft-standard-WSL2
2024/09/02 14:01:47 [notice] 1#1: getrlimit(RLIMIT_NOFILE): 1048576:1048576
2024/09/02 14:01:47 [notice] 1#1: start worker processes
2024/09/02 14:01:47 [notice] 1#1: start worker process 29
2024/09/02 14:01:47 [notice] 1#1: start worker process 30
2024/09/02 14:01:47 [notice] 1#1: start worker process 31
2024/09/02 14:01:47 [notice] 1#1: start worker process 32
2024/09/02 14:01:47 [notice] 1#1: start worker process 33
2024/09/02 14:01:47 [notice] 1#1: start worker process 34
2024/09/02 14:01:47 [notice] 1#1: start worker process 35
2024/09/02 14:01:47 [notice] 1#1: start worker process 36
2024/10/06 13:06:08 [notice] 1#1: using the "epoll" event method
2024/10/06 13:06:08 [notice] 1#1: nginx/1.23.3
2024/10/06 13:06:08 [notice] 1#1: built by gcc 12.2.1 20220924 (Alpine 12.2.1_git20220924-r4) 
2024/10/06 13:06:08 [notice] 1#1: OS: Linux 6.10.4-linuxkit
2024/10/06 13:06:08 [notice] 1#1: getrlimit(RLIMIT_NOFILE): 1048576:1048576
2024/10/06 13:06:08 [notice] 1#1: start worker processes
2024/10/06 13:06:08 [notice] 1#1: start worker process 29
2024/10/06 13:06:08 [notice] 1#1: start worker process 30
2024/10/06 13:06:08 [notice] 1#1: start worker process 31
2024/10/06 13:06:08 [notice] 1#1: start worker process 32
2024/10/06 13:06:08 [notice] 1#1: start worker process 33
2024/10/06 13:06:08 [notice] 1#1: start worker process 34
2024/10/06 13:06:08 [notice] 1#1: start worker process 35
2024/10/06 13:06:08 [notice] 1#1: start worker process 36
2024/10/08 09:46:08 [notice] 1#1: using the "epoll" event method
2024/10/08 09:46:08 [notice] 1#1: nginx/1.23.3
2024/10/08 09:46:08 [notice] 1#1: built by gcc 12.2.1 20220924 (Alpine 12.2.1_git20220924-r4) 
2024/10/08 09:46:08 [notice] 1#1: OS: Linux 6.10.4-linuxkit
2024/10/08 09:46:08 [notice] 1#1: getrlimit(RLIMIT_NOFILE): 1048576:1048576
2024/10/08 09:46:08 [notice] 1#1: start worker processes
2024/10/08 09:46:08 [notice] 1#1: start worker process 29
2024/10/08 09:46:08 [notice] 1#1: start worker process 30
2024/10/08 09:46:08 [notice] 1#1: start worker process 31
2024/10/08 09:46:08 [notice] 1#1: start worker process 32
2024/10/08 09:46:08 [notice] 1#1: start worker process 33
2024/10/08 09:46:08 [notice] 1#1: start worker process 34
2024/10/08 09:46:08 [notice] 1#1: start worker process 35
2024/10/08 09:46:08 [notice] 1#1: start worker process 36
2024/10/08 09:48:30 [notice] 1#1: signal 3 (SIGQUIT) received, shutting down
2024/10/08 09:48:30 [notice] 35#35: gracefully shutting down
2024/10/08 09:48:30 [notice] 30#30: gracefully shutting down
2024/10/08 09:48:30 [notice] 32#32: gracefully shutting down
2024/10/08 09:48:30 [notice] 29#29: gracefully shutting down
2024/10/08 09:48:30 [notice] 33#33: gracefully shutting down
2024/10/08 09:48:30 [notice] 31#31: gracefully shutting down
2024/10/08 09:48:30 [notice] 35#35: exiting
2024/10/08 09:48:30 [notice] 34#34: gracefully shutting down
2024/10/08 09:48:30 [notice] 30#30: exiting
2024/10/08 09:48:30 [notice] 32#32: exiting
2024/10/08 09:48:30 [notice] 36#36: gracefully shutting down
2024/10/08 09:48:30 [notice] 29#29: exiting
2024/10/08 09:48:30 [notice] 33#33: exiting
2024/10/08 09:48:30 [notice] 31#31: exiting
2024/10/08 09:48:30 [notice] 32#32: exit
2024/10/08 09:48:30 [notice] 35#35: exit
2024/10/08 09:48:30 [notice] 34#34: exiting
2024/10/08 09:48:30 [notice] 36#36: exiting
2024/10/08 09:48:30 [notice] 30#30: exit
2024/10/08 09:48:30 [notice] 29#29: exit
2024/10/08 09:48:30 [notice] 33#33: exit
2024/10/08 09:48:30 [notice] 36#36: exit
2024/10/08 09:48:30 [notice] 31#31: exit
2024/10/08 09:48:30 [notice] 34#34: exit
2024/10/08 09:48:30 [notice] 1#1: signal 17 (SIGCHLD) received from 34
2024/10/08 09:48:30 [notice] 1#1: worker process 31 exited with code 0
2024/10/08 09:48:30 [notice] 1#1: worker process 34 exited with code 0
2024/10/08 09:48:30 [notice] 1#1: signal 29 (SIGIO) received
2024/10/08 09:48:30 [notice] 1#1: signal 17 (SIGCHLD) received from 30
2024/10/08 09:48:30 [notice] 1#1: worker process 30 exited with code 0
2024/10/08 09:48:30 [notice] 1#1: worker process 29 exited with code 0
2024/10/08 09:48:30 [notice] 1#1: worker process 32 exited with code 0
2024/10/08 09:48:30 [notice] 1#1: worker process 33 exited with code 0
2024/10/08 09:48:30 [notice] 1#1: worker process 35 exited with code 0
2024/10/08 09:48:30 [notice] 1#1: worker process 36 exited with code 0
2024/10/08 09:48:30 [notice] 1#1: exit
2024/10/08 09:48:39 [notice] 1#1: using the "epoll" event method
2024/10/08 09:48:39 [notice] 1#1: nginx/1.23.3
2024/10/08 09:48:39 [notice] 1#1: built by gcc 12.2.1 20220924 (Alpine 12.2.1_git20220924-r4) 
2024/10/08 09:48:39 [notice] 1#1: OS: Linux 6.10.4-linuxkit
2024/10/08 09:48:39 [notice] 1#1: getrlimit(RLIMIT_NOFILE): 1048576:1048576
2024/10/08 09:48:39 [notice] 1#1: start worker processes
2024/10/08 09:48:39 [notice] 1#1: start worker process 28
2024/10/08 09:48:39 [notice] 1#1: start worker process 29
2024/10/08 09:48:39 [notice] 1#1: start worker process 30
2024/10/08 09:48:39 [notice] 1#1: start worker process 31
2024/10/08 09:48:39 [notice] 1#1: start worker process 32
2024/10/08 09:48:39 [notice] 1#1: start worker process 33
2024/10/08 09:48:39 [notice] 1#1: start worker process 34
2024/10/08 09:48:39 [notice] 1#1: start worker process 35
2024/10/11 06:56:15 [notice] 1#1: using the "epoll" event method
2024/10/11 06:56:15 [notice] 1#1: nginx/1.23.3
2024/10/11 06:56:15 [notice] 1#1: built by gcc 12.2.1 20220924 (Alpine 12.2.1_git20220924-r4) 
2024/10/11 06:56:15 [notice] 1#1: OS: Linux 6.10.4-linuxkit
2024/10/11 06:56:15 [notice] 1#1: getrlimit(RLIMIT_NOFILE): 1048576:1048576
2024/10/11 06:56:15 [notice] 1#1: start worker processes
2024/10/11 06:56:15 [notice] 1#1: start worker process 29
2024/10/11 06:56:15 [notice] 1#1: start worker process 30
2024/10/11 06:56:15 [notice] 1#1: start worker process 31
2024/10/11 06:56:15 [notice] 1#1: start worker process 32
2024/10/11 06:56:15 [notice] 1#1: start worker process 33
2024/10/11 06:56:15 [notice] 1#1: start worker process 34
2024/10/11 06:56:15 [notice] 1#1: start worker process 35
2024/10/11 06:56:15 [notice] 1#1: start worker process 36
2024/10/11 06:58:33 [notice] 1#1: signal 3 (SIGQUIT) received, shutting down
2024/10/11 06:58:33 [notice] 32#32: gracefully shutting down
2024/10/11 06:58:33 [notice] 36#36: gracefully shutting down
2024/10/11 06:58:33 [notice] 33#33: gracefully shutting down
2024/10/11 06:58:33 [notice] 35#35: gracefully shutting down
2024/10/11 06:58:33 [notice] 31#31: gracefully shutting down
2024/10/11 06:58:33 [notice] 29#29: gracefully shutting down
2024/10/11 06:58:33 [notice] 30#30: gracefully shutting down
2024/10/11 06:58:33 [notice] 34#34: gracefully shutting down
2024/10/11 06:58:33 [notice] 32#32: exiting
2024/10/11 06:58:33 [notice] 36#36: exiting
2024/10/11 06:58:33 [notice] 33#33: exiting
2024/10/11 06:58:33 [notice] 35#35: exiting
2024/10/11 06:58:33 [notice] 31#31: exiting
2024/10/11 06:58:33 [notice] 29#29: exiting
2024/10/11 06:58:33 [notice] 30#30: exiting
2024/10/11 06:58:33 [notice] 34#34: exiting
2024/10/11 06:58:33 [notice] 31#31: exit
2024/10/11 06:58:33 [notice] 32#32: exit
2024/10/11 06:58:33 [notice] 36#36: exit
2024/10/11 06:58:33 [notice] 33#33: exit
2024/10/11 06:58:33 [notice] 35#35: exit
2024/10/11 06:58:33 [notice] 29#29: exit
2024/10/11 06:58:33 [notice] 30#30: exit
2024/10/11 06:58:33 [notice] 34#34: exit
2024/10/11 06:58:34 [notice] 1#1: signal 17 (SIGCHLD) received from 31
2024/10/11 06:58:34 [notice] 1#1: worker process 29 exited with code 0
2024/10/11 06:58:34 [notice] 1#1: worker process 30 exited with code 0
2024/10/11 06:58:34 [notice] 1#1: worker process 31 exited with code 0
2024/10/11 06:58:34 [notice] 1#1: worker process 32 exited with code 0
2024/10/11 06:58:34 [notice] 1#1: worker process 33 exited with code 0
2024/10/11 06:58:34 [notice] 1#1: worker process 34 exited with code 0
2024/10/11 06:58:34 [notice] 1#1: worker process 35 exited with code 0
2024/10/11 06:58:34 [notice] 1#1: worker process 36 exited with code 0
2024/10/11 06:58:34 [notice] 1#1: exit
2024/10/11 06:58:36 [notice] 1#1: using the "epoll" event method
2024/10/11 06:58:36 [notice] 1#1: nginx/1.23.3
2024/10/11 06:58:36 [notice] 1#1: built by gcc 12.2.1 20220924 (Alpine 12.2.1_git20220924-r4) 
2024/10/11 06:58:36 [notice] 1#1: OS: Linux 6.10.4-linuxkit
2024/10/11 06:58:36 [notice] 1#1: getrlimit(RLIMIT_NOFILE): 1048576:1048576
2024/10/11 06:58:36 [notice] 1#1: start worker processes
2024/10/11 06:58:36 [notice] 1#1: start worker process 29
2024/10/11 06:58:36 [notice] 1#1: start worker process 30
2024/10/11 06:58:36 [notice] 1#1: start worker process 31
2024/10/11 06:58:36 [notice] 1#1: start worker process 32
2024/10/11 06:58:36 [notice] 1#1: start worker process 33
2024/10/11 06:58:36 [notice] 1#1: start worker process 34
2024/10/11 06:58:36 [notice] 1#1: start worker process 35
2024/10/11 06:58:36 [notice] 1#1: start worker process 36
